<?xml version="1.0" encoding="UTF-8"?>
<!-- Generated by org.testng.reporters.JUnitReportReporter -->
<testsuite skipped="0" hostname="kiran-PC" name="com.supermarket.tests.ManageDeliveryBoyTest" tests="2" failures="0" timestamp="04 Nov 2022 06:56:59 GMT" time="52.543" errors="0">
  <testcase name="verify_DeliveryBoyDetailsByDataproviderclass" time="27.328" classname="com.supermarket.tests.ManageDeliveryBoyTest"/>
  <testcase name="verify_DeliveryBoyDetailsByDataproviderclass" time="25.215" classname="com.supermarket.tests.ManageDeliveryBoyTest"/>
</testsuite> <!-- com.supermarket.tests.ManageDeliveryBoyTest -->
