<?xml version="1.0" encoding="UTF-8"?>
<!-- Generated by org.testng.reporters.JUnitReportReporter -->
<testsuite skipped="0" hostname="kiran-PC" name="com.supermarket.tests.ManageExpenseTest" tests="1" failures="0" timestamp="28 Oct 2022 08:15:09 GMT" time="43.524" errors="0">
  <testcase name="verify_SearchedDataOfManageExpense" time="43.524" classname="com.supermarket.tests.ManageExpenseTest"/>
</testsuite> <!-- com.supermarket.tests.ManageExpenseTest -->
