<?xml version="1.0" encoding="UTF-8"?>
<!-- Generated by org.testng.reporters.JUnitReportReporter -->
<testsuite skipped="0" hostname="kiran-PC" name="com.supermarket.tests.ManageLocationTest" tests="1" failures="0" timestamp="15 Nov 2022 03:22:58 GMT" time="88.752" errors="0">
  <testcase name="verify_DeleteLocationData" time="88.752" classname="com.supermarket.tests.ManageLocationTest"/>
</testsuite> <!-- com.supermarket.tests.ManageLocationTest -->
