<?xml version="1.0" encoding="UTF-8"?>
<!-- Generated by org.testng.reporters.JUnitReportReporter -->
<testsuite skipped="0" hostname="kiran-PC" name="com.supermarket.tests.LoginTest" tests="1" failures="0" timestamp="03 Nov 2022 05:59:34 GMT" time="61.144" errors="0">
  <testcase name="verify_LogoutFunctionality" time="61.144" classname="com.supermarket.tests.LoginTest"/>
</testsuite> <!-- com.supermarket.tests.LoginTest -->
