<?xml version="1.0" encoding="UTF-8"?>
<!-- Generated by org.testng.reporters.JUnitReportReporter -->
<testsuite skipped="0" hostname="kiran-PC" name="com.supermarket.tests.ManageOrderTest" tests="2" failures="0" timestamp="14 Nov 2022 05:06:52 GMT" time="51.151" errors="0">
  <testcase name="verify_UpdateFunctionalityOfDeliveryBoy" time="21.691" classname="com.supermarket.tests.ManageOrderTest"/>
  <testcase name="verify_OrderedDetailsViewList" time="29.460" classname="com.supermarket.tests.ManageOrderTest"/>
</testsuite> <!-- com.supermarket.tests.ManageOrderTest -->
