<?xml version="1.0" encoding="UTF-8"?>
<!-- Generated by org.testng.reporters.JUnitReportReporter -->
<testsuite skipped="0" hostname="kiran-PC" name="com.supermarket.tests.ManageUsersTest" tests="1" failures="0" timestamp="26 Oct 2022 07:17:05 GMT" time="32.391" errors="0">
  <testcase name="verify_DeletemanageUserAction" time="32.391" classname="com.supermarket.tests.ManageUsersTest"/>
</testsuite> <!-- com.supermarket.tests.ManageUsersTest -->
