<?xml version="1.0" encoding="UTF-8"?>
<!-- Generated by org.testng.reporters.JUnitReportReporter -->
<testsuite skipped="0" hostname="kiran-PC" name="com.supermarket.tests.ManageLocationTest" tests="1" failures="0" timestamp="07 Nov 2022 05:51:11 GMT" time="41.112" errors="0">
  <testcase name="verify_SearchedDataOfManageLocation" time="41.112" classname="com.supermarket.tests.ManageLocationTest"/>
</testsuite> <!-- com.supermarket.tests.ManageLocationTest -->
