<?xml version="1.0" encoding="UTF-8"?>
<!-- Generated by org.testng.reporters.JUnitReportReporter -->
<testsuite skipped="0" hostname="kiran-PC" name="com.supermarket.tests.ManageExpenseCategoryTest" tests="1" failures="0" timestamp="03 Nov 2022 07:32:53 GMT" time="29.012" errors="0">
  <testcase name="verify_SearchedDataOfManageExpenseCategory" time="29.012" classname="com.supermarket.tests.ManageExpenseCategoryTest"/>
</testsuite> <!-- com.supermarket.tests.ManageExpenseCategoryTest -->
