<?xml version="1.0" encoding="UTF-8"?>
<!-- Generated by org.testng.reporters.JUnitReportReporter -->
<testsuite skipped="0" hostname="kiran-PC" name="com.supermarket.tests.LoginTest" tests="1" failures="0" timestamp="02 Nov 2022 05:19:17 GMT" time="58.704" errors="0">
  <testcase name="verify_Logout" time="58.704" classname="com.supermarket.tests.LoginTest"/>
</testsuite> <!-- com.supermarket.tests.LoginTest -->
