<?xml version="1.0" encoding="UTF-8"?>
<!-- Generated by org.testng.reporters.JUnitReportReporter -->
<testsuite skipped="0" hostname="kiran-PC" name="com.supermarket.tests.ManageDeliveryBoyTest" tests="1" failures="0" timestamp="07 Nov 2022 05:15:50 GMT" time="27.365" errors="0">
  <testcase name="verify_NewDeliveryBoyCreation" time="27.365" classname="com.supermarket.tests.ManageDeliveryBoyTest"/>
</testsuite> <!-- com.supermarket.tests.ManageDeliveryBoyTest -->
