<?xml version="1.0" encoding="UTF-8"?>
<!-- Generated by org.testng.reporters.JUnitReportReporter -->
<testsuite skipped="0" hostname="kiran-PC" name="com.supermarket.tests.ManageLocationTest" tests="1" failures="0" timestamp="28 Oct 2022 14:29:32 GMT" time="31.786" errors="0">
  <testcase name="verify_SearchedDataOfManageLocation" time="31.786" classname="com.supermarket.tests.ManageLocationTest"/>
</testsuite> <!-- com.supermarket.tests.ManageLocationTest -->
