<?xml version="1.0" encoding="UTF-8"?>
<!-- Generated by org.testng.reporters.JUnitReportReporter -->
<testsuite skipped="0" hostname="kiran-PC" name="com.supermarket.tests.ManageProductTest" tests="1" failures="0" timestamp="08 Nov 2022 06:11:22 GMT" time="72.177" errors="0">
  <testcase name="verify_Add_NewProductDetails" time="72.177" classname="com.supermarket.tests.ManageProductTest"/>
</testsuite> <!-- com.supermarket.tests.ManageProductTest -->
