<?xml version="1.0" encoding="UTF-8"?>
<!-- Generated by org.testng.reporters.JUnitReportReporter -->
<testsuite skipped="0" hostname="kiran-PC" name="com.supermarket.tests.ManageExpenseTest" tests="1" failures="0" timestamp="08 Nov 2022 04:41:56 GMT" time="42.551" errors="0">
  <testcase name="verify_DeleteExpenseData" time="42.551" classname="com.supermarket.tests.ManageExpenseTest"/>
</testsuite> <!-- com.supermarket.tests.ManageExpenseTest -->
