<?xml version="1.0" encoding="UTF-8"?>
<!-- Generated by org.testng.reporters.JUnitReportReporter -->
<testsuite skipped="0" hostname="kiran-PC" name="com.supermarket.tests.ManageProductTest" tests="1" failures="0" timestamp="31 Oct 2022 13:46:52 GMT" time="73.319" errors="0">
  <testcase name="verify_Add_NewProductDetails" time="73.319" classname="com.supermarket.tests.ManageProductTest"/>
</testsuite> <!-- com.supermarket.tests.ManageProductTest -->
