<?xml version="1.0" encoding="UTF-8"?>
<!-- Generated by org.testng.reporters.JUnitReportReporter -->
<testsuite skipped="0" hostname="kiran-PC" name="com.supermarket.tests.ManageOrderTest" tests="1" failures="0" timestamp="29 Oct 2022 06:15:18 GMT" time="32.408" errors="0">
  <testcase name="verify_UpdationOfDeliveryBoy" time="32.408" classname="com.supermarket.tests.ManageOrderTest"/>
</testsuite> <!-- com.supermarket.tests.ManageOrderTest -->
