<?xml version="1.0" encoding="UTF-8"?>
<!-- Generated by org.testng.reporters.JUnitReportReporter -->
<testsuite skipped="0" hostname="kiran-PC" name="com.supermarket.tests.AdminUsersTest" tests="1" failures="0" timestamp="30 Oct 2022 14:18:34 GMT" time="40.525" errors="0">
  <testcase name="verify_AdminUsersLogo" time="40.525" classname="com.supermarket.tests.AdminUsersTest"/>
</testsuite> <!-- com.supermarket.tests.AdminUsersTest -->
