<?xml version="1.0" encoding="UTF-8"?>
<!-- Generated by org.testng.reporters.JUnitReportReporter -->
<testsuite skipped="0" hostname="kiran-PC" name="com.supermarket.tests.PushNotificationTest" tests="2" failures="0" timestamp="27 Oct 2022 13:57:52 GMT" time="38.156" errors="0">
  <testcase name="create_pushNotificationDatabyDataproviderclass" time="19.313" classname="com.supermarket.tests.PushNotificationTest"/>
  <testcase name="create_pushNotificationDatabyDataproviderclass" time="18.843" classname="com.supermarket.tests.PushNotificationTest"/>
</testsuite> <!-- com.supermarket.tests.PushNotificationTest -->
