<?xml version="1.0" encoding="UTF-8"?>
<!-- Generated by org.testng.reporters.JUnitReportReporter -->
<testsuite skipped="0" hostname="kiran-PC" name="com.supermarket.tests.PushNotificationTest" tests="1" failures="0" timestamp="03 Nov 2022 16:00:43 GMT" time="25.883" errors="0">
  <testcase name="verify_PushNotification" time="25.883" classname="com.supermarket.tests.PushNotificationTest"/>
</testsuite> <!-- com.supermarket.tests.PushNotificationTest -->
