<?xml version="1.0" encoding="UTF-8"?>
<!-- Generated by org.testng.reporters.JUnitReportReporter -->
<testsuite skipped="0" hostname="kiran-PC" name="com.supermarket.tests.ManageExpenseCategoryTest" tests="2" failures="0" timestamp="29 Oct 2022 15:56:26 GMT" time="63.672" errors="0">
  <testcase name="ManageExpenseCategoryByDataproviderclass" time="30.030" classname="com.supermarket.tests.ManageExpenseCategoryTest"/>
  <testcase name="ManageExpenseCategoryByDataproviderclass" time="33.642" classname="com.supermarket.tests.ManageExpenseCategoryTest"/>
</testsuite> <!-- com.supermarket.tests.ManageExpenseCategoryTest -->
