<?xml version="1.0" encoding="UTF-8"?>
<!-- Generated by org.testng.reporters.JUnitReportReporter -->
<testsuite skipped="0" hostname="kiran-PC" name="com.supermarket.tests.AdminUsersTest" tests="1" failures="0" timestamp="31 Oct 2022 14:15:13 GMT" time="53.893" errors="0">
  <testcase name="verify_AdminUserStatusDeactivation" time="53.893" classname="com.supermarket.tests.AdminUsersTest"/>
</testsuite> <!-- com.supermarket.tests.AdminUsersTest -->
