<?xml version="1.0" encoding="UTF-8"?>
<!-- Generated by org.testng.reporters.JUnitReportReporter -->
<testsuite skipped="0" hostname="kiran-PC" name="com.supermarket.tests.ManageOrderTest" tests="1" failures="0" timestamp="01 Nov 2022 04:50:13 GMT" time="30.022" errors="0">
  <testcase name="verify_OrderIdViewList" time="30.022" classname="com.supermarket.tests.ManageOrderTest"/>
</testsuite> <!-- com.supermarket.tests.ManageOrderTest -->
