<?xml version="1.0" encoding="UTF-8"?>
<!-- Generated by org.testng.reporters.JUnitReportReporter -->
<testsuite skipped="0" hostname="kiran-PC" name="com.supermarket.tests.ManageExpenseTest" tests="1" failures="0" timestamp="03 Nov 2022 13:39:00 GMT" time="41.698" errors="0">
  <testcase name="verify_SearchedDataOfManageExpense" time="41.698" classname="com.supermarket.tests.ManageExpenseTest"/>
</testsuite> <!-- com.supermarket.tests.ManageExpenseTest -->
