<?xml version="1.0" encoding="UTF-8"?>
<!-- Generated by org.testng.reporters.JUnitReportReporter -->
<testsuite skipped="0" hostname="kiran-PC" name="com.supermarket.tests.ManageDeliveryBoyTest" tests="2" failures="0" timestamp="26 Oct 2022 13:50:25 GMT" time="49.092" errors="0">
  <testcase name="create_DeliveryBoyDetailsbyDataproviderclass" time="24.095" classname="com.supermarket.tests.ManageDeliveryBoyTest"/>
  <testcase name="create_DeliveryBoyDetailsbyDataproviderclass" time="24.997" classname="com.supermarket.tests.ManageDeliveryBoyTest"/>
</testsuite> <!-- com.supermarket.tests.ManageDeliveryBoyTest -->
