<?xml version="1.0" encoding="UTF-8"?>
<!-- Generated by org.testng.reporters.JUnitReportReporter -->
<testsuite skipped="0" hostname="kiran-PC" name="com.supermarket.tests.ManageDeliveryBoyTest" tests="2" failures="0" timestamp="29 Oct 2022 15:58:30 GMT" time="66.112" errors="0">
  <testcase name="create_DeliveryBoyDetailsByDataproviderclass" time="32.951" classname="com.supermarket.tests.ManageDeliveryBoyTest"/>
  <testcase name="create_DeliveryBoyDetailsByDataproviderclass" time="33.161" classname="com.supermarket.tests.ManageDeliveryBoyTest"/>
</testsuite> <!-- com.supermarket.tests.ManageDeliveryBoyTest -->
