<?xml version="1.0" encoding="UTF-8"?>
<!-- Generated by org.testng.reporters.JUnitReportReporter -->
<testsuite skipped="0" hostname="kiran-PC" name="com.supermarket.tests.ManageOrderTest" tests="1" failures="0" timestamp="04 Nov 2022 14:29:00 GMT" time="43.214" errors="0">
  <testcase name="verify_UpdatedDetailsOfDeliveryBoy" time="43.214" classname="com.supermarket.tests.ManageOrderTest"/>
</testsuite> <!-- com.supermarket.tests.ManageOrderTest -->
