<?xml version="1.0" encoding="UTF-8"?>
<!-- Generated by org.testng.reporters.JUnitReportReporter -->
<testsuite skipped="0" hostname="kiran-PC" name="com.supermarket.tests.ManageLocationTest" tests="1" failures="0" timestamp="01 Nov 2022 03:58:29 GMT" time="38.170" errors="0">
  <testcase name="verify_UpdateDetailsOfManageLocation" time="38.170" classname="com.supermarket.tests.ManageLocationTest"/>
</testsuite> <!-- com.supermarket.tests.ManageLocationTest -->
