<?xml version="1.0" encoding="UTF-8"?>
<!-- Generated by org.testng.reporters.JUnitReportReporter -->
<testsuite skipped="0" hostname="kiran-PC" name="com.supermarket.tests.PushNotificationTest" tests="5" failures="0" timestamp="14 Nov 2022 05:06:52 GMT" time="138.959" errors="0">
  <testcase name="verify_PushNotificationData" time="39.906" classname="com.supermarket.tests.PushNotificationTest"/>
  <testcase name="verify_EnterPushNotificationData" time="16.787" classname="com.supermarket.tests.PushNotificationTest"/>
  <testcase name="verify_PushNotificationByDataproviderclass" time="27.001" classname="com.supermarket.tests.PushNotificationTest"/>
  <testcase name="verify_PushNotificationByDataproviderclass" time="19.108" classname="com.supermarket.tests.PushNotificationTest"/>
  <testcase name="verify_PushNotificationByDataproviderclass" time="36.157" classname="com.supermarket.tests.PushNotificationTest"/>
</testsuite> <!-- com.supermarket.tests.PushNotificationTest -->
