<?xml version="1.0" encoding="UTF-8"?>
<!-- Generated by org.testng.reporters.JUnitReportReporter -->
<testsuite skipped="0" hostname="kiran-PC" name="com.supermarket.tests.ManageExpenseCategoryTest" tests="1" failures="0" timestamp="26 Oct 2022 12:52:07 GMT" time="17.278" errors="0">
  <testcase name="verify_add_NewExpenseCategory" time="17.278" classname="com.supermarket.tests.ManageExpenseCategoryTest"/>
</testsuite> <!-- com.supermarket.tests.ManageExpenseCategoryTest -->
