<?xml version="1.0" encoding="UTF-8"?>
<!-- Generated by org.testng.reporters.JUnitReportReporter -->
<testsuite skipped="0" hostname="kiran-PC" name="com.supermarket.tests.AdminUsersTest" tests="1" failures="0" timestamp="08 Nov 2022 04:07:25 GMT" time="27.524" errors="0">
  <testcase name="verify_Add_NewAdminUsers" time="27.524" classname="com.supermarket.tests.AdminUsersTest"/>
</testsuite> <!-- com.supermarket.tests.AdminUsersTest -->
