<?xml version="1.0" encoding="UTF-8"?>
<!-- Generated by org.testng.reporters.JUnitReportReporter -->
<testsuite skipped="0" hostname="kiran-PC" name="com.supermarket.tests.ManageProductTest" tests="1" failures="0" timestamp="29 Oct 2022 15:26:45 GMT" time="45.365" errors="0">
  <testcase name="verify_Add_NewProductDetails" time="45.365" classname="com.supermarket.tests.ManageProductTest"/>
</testsuite> <!-- com.supermarket.tests.ManageProductTest -->
