<?xml version="1.0" encoding="UTF-8"?>
<!-- Generated by org.testng.reporters.JUnitReportReporter -->
<testsuite skipped="0" hostname="kiran-PC" name="com.supermarket.tests.PushNotificationTest" tests="1" failures="0" timestamp="26 Oct 2022 14:06:59 GMT" time="15.710" errors="0">
  <testcase name="verify_colorofSendButton" time="15.710" classname="com.supermarket.tests.PushNotificationTest"/>
</testsuite> <!-- com.supermarket.tests.PushNotificationTest -->
